<?xml version="1.0" encoding="UTF-8"?>
<testsuite xmlns:xsi="http://www.w3.org/2001/XMLSchema-instance" xsi:noNamespaceSchemaLocation="https://maven.apache.org/surefire/maven-failsafe-plugin/xsd/failsafe-test-report.xsd" name="br.com.rsinet.rkoyanagui.correios.runner.RunnerTest" time="43.501" tests="1" errors="0" skipped="0" failures="0">
  <properties>
    <property name="sun.desktop" value="windows"/>
    <property name="awt.toolkit" value="sun.awt.windows.WToolkit"/>
    <property name="file.encoding.pkg" value="sun.io"/>
    <property name="java.specification.version" value="1.8"/>
    <property name="webdriver.chrome.driver" value="C:\Program Files\Google\Chrome\Application\chromedriver.exe"/>
    <property name="sun.cpu.isalist" value="pentium_pro+mmx pentium_pro pentium+mmx pentium i486 i386 i86"/>
    <property name="sun.jnu.encoding" value="Cp1252"/>
    <property name="java.class.path" value="C:\Users\rubem.koyanagui\Desktop\Workspace\Correios\target\test-classes;C:\Users\rubem.koyanagui\Desktop\Workspace\Correios\target\Correios-1.0.jar;C:\Users\rubem.koyanagui\.m2\repository\junit\junit\4.11\junit-4.11.jar;C:\Users\rubem.koyanagui\.m2\repository\org\hamcrest\hamcrest-core\1.3\hamcrest-core-1.3.jar;C:\Users\rubem.koyanagui\.m2\repository\io\openbdt\openbdt.web-starter\2.0\openbdt.web-starter-2.0.jar;C:\Users\rubem.koyanagui\.m2\repository\io\openbdt\openbdt.adapter.selenium\2.0\openbdt.adapter.selenium-2.0.jar;C:\Users\rubem.koyanagui\.m2\repository\org\springframework\boot\spring-boot-starter-web\1.5.1.RELEASE\spring-boot-starter-web-1.5.1.RELEASE.jar;C:\Users\rubem.koyanagui\.m2\repository\org\springframework\boot\spring-boot-starter\1.5.1.RELEASE\spring-boot-starter-1.5.1.RELEASE.jar;C:\Users\rubem.koyanagui\.m2\repository\org\springframework\boot\spring-boot\1.5.1.RELEASE\spring-boot-1.5.1.RELEASE.jar;C:\Users\rubem.koyanagui\.m2\repository\org\springframework\boot\spring-boot-autoconfigure\1.5.1.RELEASE\spring-boot-autoconfigure-1.5.1.RELEASE.jar;C:\Users\rubem.koyanagui\.m2\repository\org\springframework\boot\spring-boot-starter-logging\1.5.1.RELEASE\spring-boot-starter-logging-1.5.1.RELEASE.jar;C:\Users\rubem.koyanagui\.m2\repository\org\slf4j\jul-to-slf4j\1.7.22\jul-to-slf4j-1.7.22.jar;C:\Users\rubem.koyanagui\.m2\repository\org\yaml\snakeyaml\1.17\snakeyaml-1.17.jar;C:\Users\rubem.koyanagui\.m2\repository\org\springframework\boot\spring-boot-starter-tomcat\1.5.1.RELEASE\spring-boot-starter-tomcat-1.5.1.RELEASE.jar;C:\Users\rubem.koyanagui\.m2\repository\org\apache\tomcat\embed\tomcat-embed-core\8.5.11\tomcat-embed-core-8.5.11.jar;C:\Users\rubem.koyanagui\.m2\repository\org\apache\tomcat\embed\tomcat-embed-el\8.5.11\tomcat-embed-el-8.5.11.jar;C:\Users\rubem.koyanagui\.m2\repository\org\apache\tomcat\embed\tomcat-embed-websocket\8.5.11\tomcat-embed-websocket-8.5.11.jar;C:\Users\rubem.koyanagui\.m2\repository\org\hibernate\hibernate-validator\5.3.4.Final\hibernate-validator-5.3.4.Final.jar;C:\Users\rubem.koyanagui\.m2\repository\javax\validation\validation-api\1.1.0.Final\validation-api-1.1.0.Final.jar;C:\Users\rubem.koyanagui\.m2\repository\org\jboss\logging\jboss-logging\3.3.0.Final\jboss-logging-3.3.0.Final.jar;C:\Users\rubem.koyanagui\.m2\repository\com\fasterxml\classmate\1.3.3\classmate-1.3.3.jar;C:\Users\rubem.koyanagui\.m2\repository\org\springframework\spring-web\4.2.2.RELEASE\spring-web-4.2.2.RELEASE.jar;C:\Users\rubem.koyanagui\.m2\repository\org\springframework\spring-aop\4.2.2.RELEASE\spring-aop-4.2.2.RELEASE.jar;C:\Users\rubem.koyanagui\.m2\repository\aopalliance\aopalliance\1.0\aopalliance-1.0.jar;C:\Users\rubem.koyanagui\.m2\repository\org\springframework\spring-beans\4.2.2.RELEASE\spring-beans-4.2.2.RELEASE.jar;C:\Users\rubem.koyanagui\.m2\repository\org\springframework\spring-webmvc\4.2.2.RELEASE\spring-webmvc-4.2.2.RELEASE.jar;C:\Users\rubem.koyanagui\.m2\repository\org\springframework\spring-expression\4.2.2.RELEASE\spring-expression-4.2.2.RELEASE.jar;C:\Users\rubem.koyanagui\.m2\repository\org\springframework\boot\spring-boot-starter-test\1.5.1.RELEASE\spring-boot-starter-test-1.5.1.RELEASE.jar;C:\Users\rubem.koyanagui\.m2\repository\org\springframework\boot\spring-boot-test\1.5.1.RELEASE\spring-boot-test-1.5.1.RELEASE.jar;C:\Users\rubem.koyanagui\.m2\repository\org\springframework\boot\spring-boot-test-autoconfigure\1.5.1.RELEASE\spring-boot-test-autoconfigure-1.5.1.RELEASE.jar;C:\Users\rubem.koyanagui\.m2\repository\com\jayway\jsonpath\json-path\2.2.0\json-path-2.2.0.jar;C:\Users\rubem.koyanagui\.m2\repository\net\minidev\json-smart\2.2.1\json-smart-2.2.1.jar;C:\Users\rubem.koyanagui\.m2\repository\net\minidev\accessors-smart\1.1\accessors-smart-1.1.jar;C:\Users\rubem.koyanagui\.m2\repository\org\mockito\mockito-core\1.10.19\mockito-core-1.10.19.jar;C:\Users\rubem.koyanagui\.m2\repository\org\objenesis\objenesis\2.1\objenesis-2.1.jar;C:\Users\rubem.koyanagui\.m2\repository\org\hamcrest\hamcrest-library\1.3\hamcrest-library-1.3.jar;C:\Users\rubem.koyanagui\.m2\repository\org\skyscreamer\jsonassert\1.4.0\jsonassert-1.4.0.jar;C:\Users\rubem.koyanagui\.m2\repository\com\vaadin\external\google\android-json\0.0.20131108.vaadin1\android-json-0.0.20131108.vaadin1.jar;C:\Users\rubem.koyanagui\.m2\repository\org\springframework\spring-core\4.2.2.RELEASE\spring-core-4.2.2.RELEASE.jar;C:\Users\rubem.koyanagui\.m2\repository\org\springframework\spring-test\4.2.2.RELEASE\spring-test-4.2.2.RELEASE.jar;C:\Users\rubem.koyanagui\.m2\repository\io\openbdt\openbdt.core\2.0\openbdt.core-2.0.jar;C:\Users\rubem.koyanagui\.m2\repository\org\slf4j\jcl-over-slf4j\1.7.22\jcl-over-slf4j-1.7.22.jar;C:\Users\rubem.koyanagui\.m2\repository\org\slf4j\slf4j-api\1.7.22\slf4j-api-1.7.22.jar;C:\Users\rubem.koyanagui\.m2\repository\org\slf4j\slf4j-log4j12\1.7.22\slf4j-log4j12-1.7.22.jar;C:\Users\rubem.koyanagui\.m2\repository\log4j\log4j\1.2.14\log4j-1.2.14.jar;C:\Users\rubem.koyanagui\.m2\repository\net\serenity-bdd\serenity-spring\1.9.3\serenity-spring-1.9.3.jar;C:\Users\rubem.koyanagui\.m2\repository\com\google\guava\guava\23.6-jre\guava-23.6-jre.jar;C:\Users\rubem.koyanagui\.m2\repository\com\google\code\findbugs\jsr305\1.3.9\jsr305-1.3.9.jar;C:\Users\rubem.koyanagui\.m2\repository\org\checkerframework\checker-compat-qual\2.0.0\checker-compat-qual-2.0.0.jar;C:\Users\rubem.koyanagui\.m2\repository\com\google\errorprone\error_prone_annotations\2.1.3\error_prone_annotations-2.1.3.jar;C:\Users\rubem.koyanagui\.m2\repository\com\google\j2objc\j2objc-annotations\1.1\j2objc-annotations-1.1.jar;C:\Users\rubem.koyanagui\.m2\repository\org\codehaus\mojo\animal-sniffer-annotations\1.14\animal-sniffer-annotations-1.14.jar;C:\Users\rubem.koyanagui\.m2\repository\com\google\inject\guice\4.1.0\guice-4.1.0.jar;C:\Users\rubem.koyanagui\.m2\repository\javax\inject\javax.inject\1\javax.inject-1.jar;C:\Users\rubem.koyanagui\.m2\repository\cglib\cglib\3.2.5\cglib-3.2.5.jar;C:\Users\rubem.koyanagui\.m2\repository\org\apache\ant\ant\1.9.6\ant-1.9.6.jar;C:\Users\rubem.koyanagui\.m2\repository\org\apache\ant\ant-launcher\1.9.6\ant-launcher-1.9.6.jar;C:\Users\rubem.koyanagui\.m2\repository\org\ow2\asm\asm\5.0.3\asm-5.0.3.jar;C:\Users\rubem.koyanagui\.m2\repository\commons-codec\commons-codec\1.10\commons-codec-1.10.jar;C:\Users\rubem.koyanagui\.m2\repository\xml-apis\xml-apis\1.4.01\xml-apis-1.4.01.jar;C:\Users\rubem.koyanagui\.m2\repository\io\cucumber\cucumber-core\2.3.0\cucumber-core-2.3.0.jar;C:\Users\rubem.koyanagui\.m2\repository\info\cukes\cucumber-html\0.2.6\cucumber-html-0.2.6.jar;C:\Users\rubem.koyanagui\.m2\repository\io\cucumber\cucumber-jvm-deps\1.0.6\cucumber-jvm-deps-1.0.6.jar;C:\Users\rubem.koyanagui\.m2\repository\io\cucumber\gherkin\5.0.0\gherkin-5.0.0.jar;C:\Users\rubem.koyanagui\.m2\repository\io\cucumber\tag-expressions\1.1.1\tag-expressions-1.1.1.jar;C:\Users\rubem.koyanagui\.m2\repository\commons-logging\commons-logging\1.2\commons-logging-1.2.jar;C:\Users\rubem.koyanagui\.m2\repository\net\bytebuddy\byte-buddy\1.7.9\byte-buddy-1.7.9.jar;C:\Users\rubem.koyanagui\.m2\repository\io\vavr\vavr\0.9.0\vavr-0.9.0.jar;C:\Users\rubem.koyanagui\.m2\repository\io\vavr\vavr-match\0.9.0\vavr-match-0.9.0.jar;C:\Users\rubem.koyanagui\.m2\repository\net\serenity-bdd\serenity-core\1.9.3\serenity-core-1.9.3.jar;C:\Users\rubem.koyanagui\.m2\repository\com\opera\operadriver\1.5\operadriver-1.5.jar;C:\Users\rubem.koyanagui\.m2\repository\com\opera\operalaunchers\1.1\operalaunchers-1.1.jar;C:\Users\rubem.koyanagui\.m2\repository\com\google\protobuf\protobuf-java\2.4.1\protobuf-java-2.4.1.jar;C:\Users\rubem.koyanagui\.m2\repository\commons-jxpath\commons-jxpath\1.3\commons-jxpath-1.3.jar;C:\Users\rubem.koyanagui\.m2\repository\org\ini4j\ini4j\0.5.2\ini4j-0.5.2.jar;C:\Users\rubem.koyanagui\.m2\repository\com\paulhammant\ngwebdriver\1.0\ngwebdriver-1.0.jar;C:\Users\rubem.koyanagui\.m2\repository\com\codeborne\phantomjsdriver\1.4.3\phantomjsdriver-1.4.3.jar;C:\Users\rubem.koyanagui\.m2\repository\io\appium\java-client\6.0.0-BETA2\java-client-6.0.0-BETA2.jar;C:\Users\rubem.koyanagui\.m2\repository\commons-validator\commons-validator\1.6\commons-validator-1.6.jar;C:\Users\rubem.koyanagui\.m2\repository\commons-beanutils\commons-beanutils\1.9.3\commons-beanutils-1.9.3.jar;C:\Users\rubem.koyanagui\.m2\repository\commons-digester\commons-digester\2.1\commons-digester-2.1.jar;C:\Users\rubem.koyanagui\.m2\repository\org\aspectj\aspectjweaver\1.8.9\aspectjweaver-1.8.9.jar;C:\Users\rubem.koyanagui\.m2\repository\org\openpnp\opencv\3.2.0-1\opencv-3.2.0-1.jar;C:\Users\rubem.koyanagui\.m2\repository\org\codehaus\groovy\groovy\2.4.7\groovy-2.4.7.jar;C:\Users\rubem.koyanagui\.m2\repository\net\sf\opencsv\opencsv\2.0\opencsv-2.0.jar;C:\Users\rubem.koyanagui\.m2\repository\commons-beanutils\commons-beanutils-core\1.8.3\commons-beanutils-core-1.8.3.jar;C:\Users\rubem.koyanagui\.m2\repository\joda-time\joda-time\2.9.7\joda-time-2.9.7.jar;C:\Users\rubem.koyanagui\.m2\repository\com\thoughtworks\xstream\xstream\1.4.9\xstream-1.4.9.jar;C:\Users\rubem.koyanagui\.m2\repository\xmlpull\xmlpull\1.1.3.1\xmlpull-1.1.3.1.jar;C:\Users\rubem.koyanagui\.m2\repository\xpp3\xpp3_min\1.1.4c\xpp3_min-1.1.4c.jar;C:\Users\rubem.koyanagui\.m2\repository\commons-collections\commons-collections\3.2.2\commons-collections-3.2.2.jar;C:\Users\rubem.koyanagui\.m2\repository\org\freemarker\freemarker\2.3.25-incubating\freemarker-2.3.25-incubating.jar;C:\Users\rubem.koyanagui\.m2\repository\net\sourceforge\jexcelapi\jxl\2.6.12\jxl-2.6.12.jar;C:\Users\rubem.koyanagui\.m2\repository\org\fluentlenium\fluentlenium-core\0.10.2\fluentlenium-core-0.10.2.jar;C:\Users\rubem.koyanagui\.m2\repository\com\jhlabs\filters\2.0.235\filters-2.0.235.jar;C:\Users\rubem.koyanagui\.m2\repository\org\asciidoctor\asciidoctor-java-integration\0.1.4\asciidoctor-java-integration-0.1.4.jar;C:\Users\rubem.koyanagui\.m2\repository\org\jruby\jruby-complete\1.7.4\jruby-complete-1.7.4.jar;C:\Users\rubem.koyanagui\.m2\repository\org\imgscalr\imgscalr-lib\4.2\imgscalr-lib-4.2.jar;C:\Users\rubem.koyanagui\.m2\repository\javax\el\javax.el-api\2.2.4\javax.el-api-2.2.4.jar;C:\Users\rubem.koyanagui\.m2\repository\org\glassfish\web\javax.el\2.2.4\javax.el-2.2.4.jar;C:\Users\rubem.koyanagui\.m2\repository\org\awaitility\awaitility\3.0.0\awaitility-3.0.0.jar;C:\Users\rubem.koyanagui\.m2\repository\com\typesafe\config\1.3.1\config-1.3.1.jar;C:\Users\rubem.koyanagui\.m2\repository\org\jsoup\jsoup\1.10.3\jsoup-1.10.3.jar;C:\Users\rubem.koyanagui\.m2\repository\com\google\jimfs\jimfs\1.1\jimfs-1.1.jar;C:\Users\rubem.koyanagui\.m2\repository\es\nitaur\markdown\txtmark\0.16\txtmark-0.16.jar;C:\Users\rubem.koyanagui\.m2\repository\com\vladsch\flexmark\flexmark-all\0.26.4\flexmark-all-0.26.4.jar;C:\Users\rubem.koyanagui\.m2\repository\com\vladsch\flexmark\flexmark\0.26.4\flexmark-0.26.4.jar;C:\Users\rubem.koyanagui\.m2\repository\com\vladsch\flexmark\flexmark-ext-abbreviation\0.26.4\flexmark-ext-abbreviation-0.26.4.jar;C:\Users\rubem.koyanagui\.m2\repository\com\vladsch\flexmark\flexmark-ext-anchorlink\0.26.4\flexmark-ext-anchorlink-0.26.4.jar;C:\Users\rubem.koyanagui\.m2\repository\com\vladsch\flexmark\flexmark-ext-aside\0.26.4\flexmark-ext-aside-0.26.4.jar;C:\Users\rubem.koyanagui\.m2\repository\com\vladsch\flexmark\flexmark-ext-autolink\0.26.4\flexmark-ext-autolink-0.26.4.jar;C:\Users\rubem.koyanagui\.m2\repository\org\nibor\autolink\autolink\0.6.0\autolink-0.6.0.jar;C:\Users\rubem.koyanagui\.m2\repository\com\vladsch\flexmark\flexmark-ext-definition\0.26.4\flexmark-ext-definition-0.26.4.jar;C:\Users\rubem.koyanagui\.m2\repository\com\vladsch\flexmark\flexmark-ext-emoji\0.26.4\flexmark-ext-emoji-0.26.4.jar;C:\Users\rubem.koyanagui\.m2\repository\com\vladsch\flexmark\flexmark-ext-escaped-character\0.26.4\flexmark-ext-escaped-character-0.26.4.jar;C:\Users\rubem.koyanagui\.m2\repository\com\vladsch\flexmark\flexmark-ext-footnotes\0.26.4\flexmark-ext-footnotes-0.26.4.jar;C:\Users\rubem.koyanagui\.m2\repository\com\vladsch\flexmark\flexmark-ext-gfm-issues\0.26.4\flexmark-ext-gfm-issues-0.26.4.jar;C:\Users\rubem.koyanagui\.m2\repository\com\vladsch\flexmark\flexmark-ext-gfm-strikethrough\0.26.4\flexmark-ext-gfm-strikethrough-0.26.4.jar;C:\Users\rubem.koyanagui\.m2\repository\com\vladsch\flexmark\flexmark-ext-gfm-tables\0.26.4\flexmark-ext-gfm-tables-0.26.4.jar;C:\Users\rubem.koyanagui\.m2\repository\com\vladsch\flexmark\flexmark-ext-gfm-tasklist\0.26.4\flexmark-ext-gfm-tasklist-0.26.4.jar;C:\Users\rubem.koyanagui\.m2\repository\com\vladsch\flexmark\flexmark-ext-gfm-users\0.26.4\flexmark-ext-gfm-users-0.26.4.jar;C:\Users\rubem.koyanagui\.m2\repository\com\vladsch\flexmark\flexmark-ext-jekyll-front-matter\0.26.4\flexmark-ext-jekyll-front-matter-0.26.4.jar;C:\Users\rubem.koyanagui\.m2\repository\com\vladsch\flexmark\flexmark-ext-jekyll-tag\0.26.4\flexmark-ext-jekyll-tag-0.26.4.jar;C:\Users\rubem.koyanagui\.m2\repository\com\vladsch\flexmark\flexmark-ext-ins\0.26.4\flexmark-ext-ins-0.26.4.jar;C:\Users\rubem.koyanagui\.m2\repository\com\vladsch\flexmark\flexmark-ext-xwiki-macros\0.26.4\flexmark-ext-xwiki-macros-0.26.4.jar;C:\Users\rubem.koyanagui\.m2\repository\com\vladsch\flexmark\flexmark-ext-superscript\0.26.4\flexmark-ext-superscript-0.26.4.jar;C:\Users\rubem.koyanagui\.m2\repository\com\vladsch\flexmark\flexmark-ext-tables\0.26.4\flexmark-ext-tables-0.26.4.jar;C:\Users\rubem.koyanagui\.m2\repository\com\vladsch\flexmark\flexmark-ext-toc\0.26.4\flexmark-ext-toc-0.26.4.jar;C:\Users\rubem.koyanagui\.m2\repository\com\vladsch\flexmark\flexmark-ext-typographic\0.26.4\flexmark-ext-typographic-0.26.4.jar;C:\Users\rubem.koyanagui\.m2\repository\com\vladsch\flexmark\flexmark-ext-wikilink\0.26.4\flexmark-ext-wikilink-0.26.4.jar;C:\Users\rubem.koyanagui\.m2\repository\com\vladsch\flexmark\flexmark-ext-yaml-front-matter\0.26.4\flexmark-ext-yaml-front-matter-0.26.4.jar;C:\Users\rubem.koyanagui\.m2\repository\com\vladsch\flexmark\flexmark-formatter\0.26.4\flexmark-formatter-0.26.4.jar;C:\Users\rubem.koyanagui\.m2\repository\com\vladsch\flexmark\flexmark-html-parser\0.26.4\flexmark-html-parser-0.26.4.jar;C:\Users\rubem.koyanagui\.m2\repository\com\vladsch\flexmark\flexmark-jira-converter\0.26.4\flexmark-jira-converter-0.26.4.jar;C:\Users\rubem.koyanagui\.m2\repository\com\vladsch\flexmark\flexmark-pdf-converter\0.26.4\flexmark-pdf-converter-0.26.4.jar;C:\Users\rubem.koyanagui\.m2\repository\com\openhtmltopdf\openhtmltopdf-core\0.0.1-RC9\openhtmltopdf-core-0.0.1-RC9.jar;C:\Users\rubem.koyanagui\.m2\repository\com\openhtmltopdf\openhtmltopdf-pdfbox\0.0.1-RC9\openhtmltopdf-pdfbox-0.0.1-RC9.jar;C:\Users\rubem.koyanagui\.m2\repository\org\apache\pdfbox\pdfbox\2.0.4\pdfbox-2.0.4.jar;C:\Users\rubem.koyanagui\.m2\repository\org\apache\pdfbox\fontbox\2.0.4\fontbox-2.0.4.jar;C:\Users\rubem.koyanagui\.m2\repository\com\openhtmltopdf\openhtmltopdf-rtl-support\0.0.1-RC9\openhtmltopdf-rtl-support-0.0.1-RC9.jar;C:\Users\rubem.koyanagui\.m2\repository\com\ibm\icu\icu4j\58.1\icu4j-58.1.jar;C:\Users\rubem.koyanagui\.m2\repository\com\openhtmltopdf\openhtmltopdf-jsoup-dom-converter\0.0.1-RC9\openhtmltopdf-jsoup-dom-converter-0.0.1-RC9.jar;C:\Users\rubem.koyanagui\.m2\repository\com\vladsch\flexmark\flexmark-profile-pegdown\0.26.4\flexmark-profile-pegdown-0.26.4.jar;C:\Users\rubem.koyanagui\.m2\repository\com\vladsch\flexmark\flexmark-util\0.26.4\flexmark-util-0.26.4.jar;C:\Users\rubem.koyanagui\.m2\repository\com\vladsch\flexmark\flexmark-youtrack-converter\0.26.4\flexmark-youtrack-converter-0.26.4.jar;C:\Users\rubem.koyanagui\.m2\repository\net\serenity-bdd\serenity-junit\1.9.3\serenity-junit-1.9.3.jar;C:\Users\rubem.koyanagui\.m2\repository\org\springframework\spring-context-support\4.2.2.RELEASE\spring-context-support-4.2.2.RELEASE.jar;C:\Users\rubem.koyanagui\.m2\repository\org\seleniumhq\selenium\selenium-server\3.9.1\selenium-server-3.9.1.jar;C:\Users\rubem.koyanagui\.m2\repository\org\seleniumhq\selenium\selenium-java\3.9.1\selenium-java-3.9.1.jar;C:\Users\rubem.koyanagui\.m2\repository\org\seleniumhq\selenium\selenium-api\3.9.1\selenium-api-3.9.1.jar;C:\Users\rubem.koyanagui\.m2\repository\org\seleniumhq\selenium\selenium-chrome-driver\3.9.1\selenium-chrome-driver-3.9.1.jar;C:\Users\rubem.koyanagui\.m2\repository\org\seleniumhq\selenium\selenium-edge-driver\3.9.1\selenium-edge-driver-3.9.1.jar;C:\Users\rubem.koyanagui\.m2\repository\org\seleniumhq\selenium\selenium-firefox-driver\3.9.1\selenium-firefox-driver-3.9.1.jar;C:\Users\rubem.koyanagui\.m2\repository\org\seleniumhq\selenium\selenium-ie-driver\3.9.1\selenium-ie-driver-3.9.1.jar;C:\Users\rubem.koyanagui\.m2\repository\org\seleniumhq\selenium\selenium-opera-driver\3.9.1\selenium-opera-driver-3.9.1.jar;C:\Users\rubem.koyanagui\.m2\repository\org\seleniumhq\selenium\selenium-remote-driver\3.9.1\selenium-remote-driver-3.9.1.jar;C:\Users\rubem.koyanagui\.m2\repository\org\seleniumhq\selenium\selenium-safari-driver\3.9.1\selenium-safari-driver-3.9.1.jar;C:\Users\rubem.koyanagui\.m2\repository\org\seleniumhq\selenium\selenium-support\3.9.1\selenium-support-3.9.1.jar;C:\Users\rubem.koyanagui\.m2\repository\com\beust\jcommander\1.72\jcommander-1.72.jar;C:\Users\rubem.koyanagui\.m2\repository\org\apache\commons\commons-exec\1.3\commons-exec-1.3.jar;C:\Users\rubem.koyanagui\.m2\repository\org\apache\commons\commons-lang3\3.7\commons-lang3-3.7.jar;C:\Users\rubem.koyanagui\.m2\repository\org\apache\commons\commons-text\1.1\commons-text-1.1.jar;C:\Users\rubem.koyanagui\.m2\repository\commons-io\commons-io\2.6\commons-io-2.6.jar;C:\Users\rubem.koyanagui\.m2\repository\commons-net\commons-net\3.6\commons-net-3.6.jar;C:\Users\rubem.koyanagui\.m2\repository\org\w3c\css\sac\1.3\sac-1.3.jar;C:\Users\rubem.koyanagui\.m2\repository\net\sourceforge\cssparser\cssparser\0.9.24\cssparser-0.9.24.jar;C:\Users\rubem.koyanagui\.m2\repository\com\google\code\gson\gson\2.8.0\gson-2.8.0.jar;C:\Users\rubem.koyanagui\.m2\repository\net\sourceforge\htmlunit\htmlunit\2.21\htmlunit-2.21.jar;C:\Users\rubem.koyanagui\.m2\repository\net\sourceforge\htmlunit\htmlunit-core-js\2.28\htmlunit-core-js-2.28.jar;C:\Users\rubem.koyanagui\.m2\repository\net\sourceforge\htmlunit\neko-htmlunit\2.28\neko-htmlunit-2.28.jar;C:\Users\rubem.koyanagui\.m2\repository\org\apache\httpcomponents\httpclient\4.5.2\httpclient-4.5.2.jar;C:\Users\rubem.koyanagui\.m2\repository\org\apache\httpcomponents\httpcore\4.4.6\httpcore-4.4.6.jar;C:\Users\rubem.koyanagui\.m2\repository\org\apache\httpcomponents\httpmime\4.5.2\httpmime-4.5.2.jar;C:\Users\rubem.koyanagui\.m2\repository\net\jcip\jcip-annotations\1.0\jcip-annotations-1.0.jar;C:\Users\rubem.koyanagui\.m2\repository\org\seleniumhq\selenium\jetty-repacked\9.4.7.v20171121\jetty-repacked-9.4.7.v20171121.jar;C:\Users\rubem.koyanagui\.m2\repository\org\eclipse\jetty\jetty-client\9.4.1.v20170120\jetty-client-9.4.1.v20170120.jar;C:\Users\rubem.koyanagui\.m2\repository\org\eclipse\jetty\jetty-http\9.4.1.v20170120\jetty-http-9.4.1.v20170120.jar;C:\Users\rubem.koyanagui\.m2\repository\org\eclipse\jetty\jetty-io\9.4.1.v20170120\jetty-io-9.4.1.v20170120.jar;C:\Users\rubem.koyanagui\.m2\repository\org\eclipse\jetty\jetty-util\9.4.1.v20170120\jetty-util-9.4.1.v20170120.jar;C:\Users\rubem.koyanagui\.m2\repository\org\eclipse\jetty\jetty-xml\9.4.1.v20170120\jetty-xml-9.4.1.v20170120.jar;C:\Users\rubem.koyanagui\.m2\repository\com\squareup\okhttp3\okhttp\3.9.1\okhttp-3.9.1.jar;C:\Users\rubem.koyanagui\.m2\repository\com\squareup\okio\okio\1.13.0\okio-1.13.0.jar;C:\Users\rubem.koyanagui\.m2\repository\org\seleniumhq\selenium\htmlunit-driver\2.21\htmlunit-driver-2.21.jar;C:\Users\rubem.koyanagui\.m2\repository\javax\servlet\javax.servlet-api\3.1.0\javax.servlet-api-3.1.0.jar;C:\Users\rubem.koyanagui\.m2\repository\org\eclipse\jetty\websocket\websocket-api\9.4.7.v20170914\websocket-api-9.4.7.v20170914.jar;C:\Users\rubem.koyanagui\.m2\repository\org\eclipse\jetty\websocket\websocket-client\9.4.1.v20170120\websocket-client-9.4.1.v20170120.jar;C:\Users\rubem.koyanagui\.m2\repository\org\eclipse\jetty\websocket\websocket-common\9.4.7.v20170914\websocket-common-9.4.7.v20170914.jar;C:\Users\rubem.koyanagui\.m2\repository\xalan\serializer\2.7.2\serializer-2.7.2.jar;C:\Users\rubem.koyanagui\.m2\repository\xalan\xalan\2.7.2\xalan-2.7.2.jar;C:\Users\rubem.koyanagui\.m2\repository\xerces\xercesImpl\2.11.0\xercesImpl-2.11.0.jar;C:\Users\rubem.koyanagui\.m2\repository\org\hamcrest\hamcrest-all\1.3\hamcrest-all-1.3.jar;C:\Users\rubem.koyanagui\.m2\repository\net\serenity-bdd\serenity-cucumber\1.9.3\serenity-cucumber-1.9.3.jar;C:\Users\rubem.koyanagui\.m2\repository\net\serenity-bdd\serenity-screenplay\1.9.1\serenity-screenplay-1.9.1.jar;C:\Users\rubem.koyanagui\.m2\repository\net\serenity-bdd\serenity-screenplay-webdriver\1.9.1\serenity-screenplay-webdriver-1.9.1.jar;C:\Users\rubem.koyanagui\.m2\repository\io\cucumber\cucumber-java\2.3.1\cucumber-java-2.3.1.jar;C:\Users\rubem.koyanagui\.m2\repository\io\cucumber\cucumber-junit\2.3.1\cucumber-junit-2.3.1.jar;C:\Users\rubem.koyanagui\.m2\repository\net\serenity-bdd\serenity-report-resources\1.9.0-rc.3\serenity-report-resources-1.9.0-rc.3.jar;C:\Users\rubem.koyanagui\.m2\repository\org\springframework\spring-context\4.2.2.RELEASE\spring-context-4.2.2.RELEASE.jar;C:\Users\rubem.koyanagui\.m2\repository\com\fasterxml\jackson\core\jackson-databind\2.8.6\jackson-databind-2.8.6.jar;C:\Users\rubem.koyanagui\.m2\repository\com\fasterxml\jackson\core\jackson-annotations\2.8.0\jackson-annotations-2.8.0.jar;C:\Users\rubem.koyanagui\.m2\repository\com\fasterxml\jackson\core\jackson-core\2.8.6\jackson-core-2.8.6.jar;C:\Users\rubem.koyanagui\.m2\repository\org\assertj\assertj-core\2.6.0\assertj-core-2.6.0.jar;"/>
    <property name="java.vm.vendor" value="Oracle Corporation"/>
    <property name="sun.arch.data.model" value="32"/>
    <property name="user.variant" value=""/>
    <property name="java.vendor.url" value="http://java.oracle.com/"/>
    <property name="user.timezone" value="America/Sao_Paulo"/>
    <property name="java.vm.specification.version" value="1.8"/>
    <property name="os.name" value="Windows 7"/>
    <property name="junit.step.failed" value="true"/>
    <property name="user.country" value="BR"/>
    <property name="sun.java.launcher" value="SUN_STANDARD"/>
    <property name="sun.boot.library.path" value="C:\Program Files (x86)\Java\jdk1.8.0_172\jre\bin"/>
    <property name="sun.java.command" value="C:\Users\RUBEM~1.KOY\AppData\Local\Temp\surefire781757732772052299\surefirebooter4781299917005714181.jar C:\Users\rubem.koyanagui\AppData\Local\Temp\surefire781757732772052299 2018-05-16T14-40-36_355-jvmRun1 surefire7443359529819504824tmp surefire_05772240267600274053tmp"/>
    <property name="surefire.test.class.path" value="C:\Users\rubem.koyanagui\Desktop\Workspace\Correios\target\test-classes;C:\Users\rubem.koyanagui\Desktop\Workspace\Correios\target\Correios-1.0.jar;C:\Users\rubem.koyanagui\.m2\repository\junit\junit\4.11\junit-4.11.jar;C:\Users\rubem.koyanagui\.m2\repository\org\hamcrest\hamcrest-core\1.3\hamcrest-core-1.3.jar;C:\Users\rubem.koyanagui\.m2\repository\io\openbdt\openbdt.web-starter\2.0\openbdt.web-starter-2.0.jar;C:\Users\rubem.koyanagui\.m2\repository\io\openbdt\openbdt.adapter.selenium\2.0\openbdt.adapter.selenium-2.0.jar;C:\Users\rubem.koyanagui\.m2\repository\org\springframework\boot\spring-boot-starter-web\1.5.1.RELEASE\spring-boot-starter-web-1.5.1.RELEASE.jar;C:\Users\rubem.koyanagui\.m2\repository\org\springframework\boot\spring-boot-starter\1.5.1.RELEASE\spring-boot-starter-1.5.1.RELEASE.jar;C:\Users\rubem.koyanagui\.m2\repository\org\springframework\boot\spring-boot\1.5.1.RELEASE\spring-boot-1.5.1.RELEASE.jar;C:\Users\rubem.koyanagui\.m2\repository\org\springframework\boot\spring-boot-autoconfigure\1.5.1.RELEASE\spring-boot-autoconfigure-1.5.1.RELEASE.jar;C:\Users\rubem.koyanagui\.m2\repository\org\springframework\boot\spring-boot-starter-logging\1.5.1.RELEASE\spring-boot-starter-logging-1.5.1.RELEASE.jar;C:\Users\rubem.koyanagui\.m2\repository\org\slf4j\jul-to-slf4j\1.7.22\jul-to-slf4j-1.7.22.jar;C:\Users\rubem.koyanagui\.m2\repository\org\yaml\snakeyaml\1.17\snakeyaml-1.17.jar;C:\Users\rubem.koyanagui\.m2\repository\org\springframework\boot\spring-boot-starter-tomcat\1.5.1.RELEASE\spring-boot-starter-tomcat-1.5.1.RELEASE.jar;C:\Users\rubem.koyanagui\.m2\repository\org\apache\tomcat\embed\tomcat-embed-core\8.5.11\tomcat-embed-core-8.5.11.jar;C:\Users\rubem.koyanagui\.m2\repository\org\apache\tomcat\embed\tomcat-embed-el\8.5.11\tomcat-embed-el-8.5.11.jar;C:\Users\rubem.koyanagui\.m2\repository\org\apache\tomcat\embed\tomcat-embed-websocket\8.5.11\tomcat-embed-websocket-8.5.11.jar;C:\Users\rubem.koyanagui\.m2\repository\org\hibernate\hibernate-validator\5.3.4.Final\hibernate-validator-5.3.4.Final.jar;C:\Users\rubem.koyanagui\.m2\repository\javax\validation\validation-api\1.1.0.Final\validation-api-1.1.0.Final.jar;C:\Users\rubem.koyanagui\.m2\repository\org\jboss\logging\jboss-logging\3.3.0.Final\jboss-logging-3.3.0.Final.jar;C:\Users\rubem.koyanagui\.m2\repository\com\fasterxml\classmate\1.3.3\classmate-1.3.3.jar;C:\Users\rubem.koyanagui\.m2\repository\org\springframework\spring-web\4.2.2.RELEASE\spring-web-4.2.2.RELEASE.jar;C:\Users\rubem.koyanagui\.m2\repository\org\springframework\spring-aop\4.2.2.RELEASE\spring-aop-4.2.2.RELEASE.jar;C:\Users\rubem.koyanagui\.m2\repository\aopalliance\aopalliance\1.0\aopalliance-1.0.jar;C:\Users\rubem.koyanagui\.m2\repository\org\springframework\spring-beans\4.2.2.RELEASE\spring-beans-4.2.2.RELEASE.jar;C:\Users\rubem.koyanagui\.m2\repository\org\springframework\spring-webmvc\4.2.2.RELEASE\spring-webmvc-4.2.2.RELEASE.jar;C:\Users\rubem.koyanagui\.m2\repository\org\springframework\spring-expression\4.2.2.RELEASE\spring-expression-4.2.2.RELEASE.jar;C:\Users\rubem.koyanagui\.m2\repository\org\springframework\boot\spring-boot-starter-test\1.5.1.RELEASE\spring-boot-starter-test-1.5.1.RELEASE.jar;C:\Users\rubem.koyanagui\.m2\repository\org\springframework\boot\spring-boot-test\1.5.1.RELEASE\spring-boot-test-1.5.1.RELEASE.jar;C:\Users\rubem.koyanagui\.m2\repository\org\springframework\boot\spring-boot-test-autoconfigure\1.5.1.RELEASE\spring-boot-test-autoconfigure-1.5.1.RELEASE.jar;C:\Users\rubem.koyanagui\.m2\repository\com\jayway\jsonpath\json-path\2.2.0\json-path-2.2.0.jar;C:\Users\rubem.koyanagui\.m2\repository\net\minidev\json-smart\2.2.1\json-smart-2.2.1.jar;C:\Users\rubem.koyanagui\.m2\repository\net\minidev\accessors-smart\1.1\accessors-smart-1.1.jar;C:\Users\rubem.koyanagui\.m2\repository\org\mockito\mockito-core\1.10.19\mockito-core-1.10.19.jar;C:\Users\rubem.koyanagui\.m2\repository\org\objenesis\objenesis\2.1\objenesis-2.1.jar;C:\Users\rubem.koyanagui\.m2\repository\org\hamcrest\hamcrest-library\1.3\hamcrest-library-1.3.jar;C:\Users\rubem.koyanagui\.m2\repository\org\skyscreamer\jsonassert\1.4.0\jsonassert-1.4.0.jar;C:\Users\rubem.koyanagui\.m2\repository\com\vaadin\external\google\android-json\0.0.20131108.vaadin1\android-json-0.0.20131108.vaadin1.jar;C:\Users\rubem.koyanagui\.m2\repository\org\springframework\spring-core\4.2.2.RELEASE\spring-core-4.2.2.RELEASE.jar;C:\Users\rubem.koyanagui\.m2\repository\org\springframework\spring-test\4.2.2.RELEASE\spring-test-4.2.2.RELEASE.jar;C:\Users\rubem.koyanagui\.m2\repository\io\openbdt\openbdt.core\2.0\openbdt.core-2.0.jar;C:\Users\rubem.koyanagui\.m2\repository\org\slf4j\jcl-over-slf4j\1.7.22\jcl-over-slf4j-1.7.22.jar;C:\Users\rubem.koyanagui\.m2\repository\org\slf4j\slf4j-api\1.7.22\slf4j-api-1.7.22.jar;C:\Users\rubem.koyanagui\.m2\repository\org\slf4j\slf4j-log4j12\1.7.22\slf4j-log4j12-1.7.22.jar;C:\Users\rubem.koyanagui\.m2\repository\log4j\log4j\1.2.14\log4j-1.2.14.jar;C:\Users\rubem.koyanagui\.m2\repository\net\serenity-bdd\serenity-spring\1.9.3\serenity-spring-1.9.3.jar;C:\Users\rubem.koyanagui\.m2\repository\com\google\guava\guava\23.6-jre\guava-23.6-jre.jar;C:\Users\rubem.koyanagui\.m2\repository\com\google\code\findbugs\jsr305\1.3.9\jsr305-1.3.9.jar;C:\Users\rubem.koyanagui\.m2\repository\org\checkerframework\checker-compat-qual\2.0.0\checker-compat-qual-2.0.0.jar;C:\Users\rubem.koyanagui\.m2\repository\com\google\errorprone\error_prone_annotations\2.1.3\error_prone_annotations-2.1.3.jar;C:\Users\rubem.koyanagui\.m2\repository\com\google\j2objc\j2objc-annotations\1.1\j2objc-annotations-1.1.jar;C:\Users\rubem.koyanagui\.m2\repository\org\codehaus\mojo\animal-sniffer-annotations\1.14\animal-sniffer-annotations-1.14.jar;C:\Users\rubem.koyanagui\.m2\repository\com\google\inject\guice\4.1.0\guice-4.1.0.jar;C:\Users\rubem.koyanagui\.m2\repository\javax\inject\javax.inject\1\javax.inject-1.jar;C:\Users\rubem.koyanagui\.m2\repository\cglib\cglib\3.2.5\cglib-3.2.5.jar;C:\Users\rubem.koyanagui\.m2\repository\org\apache\ant\ant\1.9.6\ant-1.9.6.jar;C:\Users\rubem.koyanagui\.m2\repository\org\apache\ant\ant-launcher\1.9.6\ant-launcher-1.9.6.jar;C:\Users\rubem.koyanagui\.m2\repository\org\ow2\asm\asm\5.0.3\asm-5.0.3.jar;C:\Users\rubem.koyanagui\.m2\repository\commons-codec\commons-codec\1.10\commons-codec-1.10.jar;C:\Users\rubem.koyanagui\.m2\repository\xml-apis\xml-apis\1.4.01\xml-apis-1.4.01.jar;C:\Users\rubem.koyanagui\.m2\repository\io\cucumber\cucumber-core\2.3.0\cucumber-core-2.3.0.jar;C:\Users\rubem.koyanagui\.m2\repository\info\cukes\cucumber-html\0.2.6\cucumber-html-0.2.6.jar;C:\Users\rubem.koyanagui\.m2\repository\io\cucumber\cucumber-jvm-deps\1.0.6\cucumber-jvm-deps-1.0.6.jar;C:\Users\rubem.koyanagui\.m2\repository\io\cucumber\gherkin\5.0.0\gherkin-5.0.0.jar;C:\Users\rubem.koyanagui\.m2\repository\io\cucumber\tag-expressions\1.1.1\tag-expressions-1.1.1.jar;C:\Users\rubem.koyanagui\.m2\repository\commons-logging\commons-logging\1.2\commons-logging-1.2.jar;C:\Users\rubem.koyanagui\.m2\repository\net\bytebuddy\byte-buddy\1.7.9\byte-buddy-1.7.9.jar;C:\Users\rubem.koyanagui\.m2\repository\io\vavr\vavr\0.9.0\vavr-0.9.0.jar;C:\Users\rubem.koyanagui\.m2\repository\io\vavr\vavr-match\0.9.0\vavr-match-0.9.0.jar;C:\Users\rubem.koyanagui\.m2\repository\net\serenity-bdd\serenity-core\1.9.3\serenity-core-1.9.3.jar;C:\Users\rubem.koyanagui\.m2\repository\com\opera\operadriver\1.5\operadriver-1.5.jar;C:\Users\rubem.koyanagui\.m2\repository\com\opera\operalaunchers\1.1\operalaunchers-1.1.jar;C:\Users\rubem.koyanagui\.m2\repository\com\google\protobuf\protobuf-java\2.4.1\protobuf-java-2.4.1.jar;C:\Users\rubem.koyanagui\.m2\repository\commons-jxpath\commons-jxpath\1.3\commons-jxpath-1.3.jar;C:\Users\rubem.koyanagui\.m2\repository\org\ini4j\ini4j\0.5.2\ini4j-0.5.2.jar;C:\Users\rubem.koyanagui\.m2\repository\com\paulhammant\ngwebdriver\1.0\ngwebdriver-1.0.jar;C:\Users\rubem.koyanagui\.m2\repository\com\codeborne\phantomjsdriver\1.4.3\phantomjsdriver-1.4.3.jar;C:\Users\rubem.koyanagui\.m2\repository\io\appium\java-client\6.0.0-BETA2\java-client-6.0.0-BETA2.jar;C:\Users\rubem.koyanagui\.m2\repository\commons-validator\commons-validator\1.6\commons-validator-1.6.jar;C:\Users\rubem.koyanagui\.m2\repository\commons-beanutils\commons-beanutils\1.9.3\commons-beanutils-1.9.3.jar;C:\Users\rubem.koyanagui\.m2\repository\commons-digester\commons-digester\2.1\commons-digester-2.1.jar;C:\Users\rubem.koyanagui\.m2\repository\org\aspectj\aspectjweaver\1.8.9\aspectjweaver-1.8.9.jar;C:\Users\rubem.koyanagui\.m2\repository\org\openpnp\opencv\3.2.0-1\opencv-3.2.0-1.jar;C:\Users\rubem.koyanagui\.m2\repository\org\codehaus\groovy\groovy\2.4.7\groovy-2.4.7.jar;C:\Users\rubem.koyanagui\.m2\repository\net\sf\opencsv\opencsv\2.0\opencsv-2.0.jar;C:\Users\rubem.koyanagui\.m2\repository\commons-beanutils\commons-beanutils-core\1.8.3\commons-beanutils-core-1.8.3.jar;C:\Users\rubem.koyanagui\.m2\repository\joda-time\joda-time\2.9.7\joda-time-2.9.7.jar;C:\Users\rubem.koyanagui\.m2\repository\com\thoughtworks\xstream\xstream\1.4.9\xstream-1.4.9.jar;C:\Users\rubem.koyanagui\.m2\repository\xmlpull\xmlpull\1.1.3.1\xmlpull-1.1.3.1.jar;C:\Users\rubem.koyanagui\.m2\repository\xpp3\xpp3_min\1.1.4c\xpp3_min-1.1.4c.jar;C:\Users\rubem.koyanagui\.m2\repository\commons-collections\commons-collections\3.2.2\commons-collections-3.2.2.jar;C:\Users\rubem.koyanagui\.m2\repository\org\freemarker\freemarker\2.3.25-incubating\freemarker-2.3.25-incubating.jar;C:\Users\rubem.koyanagui\.m2\repository\net\sourceforge\jexcelapi\jxl\2.6.12\jxl-2.6.12.jar;C:\Users\rubem.koyanagui\.m2\repository\org\fluentlenium\fluentlenium-core\0.10.2\fluentlenium-core-0.10.2.jar;C:\Users\rubem.koyanagui\.m2\repository\com\jhlabs\filters\2.0.235\filters-2.0.235.jar;C:\Users\rubem.koyanagui\.m2\repository\org\asciidoctor\asciidoctor-java-integration\0.1.4\asciidoctor-java-integration-0.1.4.jar;C:\Users\rubem.koyanagui\.m2\repository\org\jruby\jruby-complete\1.7.4\jruby-complete-1.7.4.jar;C:\Users\rubem.koyanagui\.m2\repository\org\imgscalr\imgscalr-lib\4.2\imgscalr-lib-4.2.jar;C:\Users\rubem.koyanagui\.m2\repository\javax\el\javax.el-api\2.2.4\javax.el-api-2.2.4.jar;C:\Users\rubem.koyanagui\.m2\repository\org\glassfish\web\javax.el\2.2.4\javax.el-2.2.4.jar;C:\Users\rubem.koyanagui\.m2\repository\org\awaitility\awaitility\3.0.0\awaitility-3.0.0.jar;C:\Users\rubem.koyanagui\.m2\repository\com\typesafe\config\1.3.1\config-1.3.1.jar;C:\Users\rubem.koyanagui\.m2\repository\org\jsoup\jsoup\1.10.3\jsoup-1.10.3.jar;C:\Users\rubem.koyanagui\.m2\repository\com\google\jimfs\jimfs\1.1\jimfs-1.1.jar;C:\Users\rubem.koyanagui\.m2\repository\es\nitaur\markdown\txtmark\0.16\txtmark-0.16.jar;C:\Users\rubem.koyanagui\.m2\repository\com\vladsch\flexmark\flexmark-all\0.26.4\flexmark-all-0.26.4.jar;C:\Users\rubem.koyanagui\.m2\repository\com\vladsch\flexmark\flexmark\0.26.4\flexmark-0.26.4.jar;C:\Users\rubem.koyanagui\.m2\repository\com\vladsch\flexmark\flexmark-ext-abbreviation\0.26.4\flexmark-ext-abbreviation-0.26.4.jar;C:\Users\rubem.koyanagui\.m2\repository\com\vladsch\flexmark\flexmark-ext-anchorlink\0.26.4\flexmark-ext-anchorlink-0.26.4.jar;C:\Users\rubem.koyanagui\.m2\repository\com\vladsch\flexmark\flexmark-ext-aside\0.26.4\flexmark-ext-aside-0.26.4.jar;C:\Users\rubem.koyanagui\.m2\repository\com\vladsch\flexmark\flexmark-ext-autolink\0.26.4\flexmark-ext-autolink-0.26.4.jar;C:\Users\rubem.koyanagui\.m2\repository\org\nibor\autolink\autolink\0.6.0\autolink-0.6.0.jar;C:\Users\rubem.koyanagui\.m2\repository\com\vladsch\flexmark\flexmark-ext-definition\0.26.4\flexmark-ext-definition-0.26.4.jar;C:\Users\rubem.koyanagui\.m2\repository\com\vladsch\flexmark\flexmark-ext-emoji\0.26.4\flexmark-ext-emoji-0.26.4.jar;C:\Users\rubem.koyanagui\.m2\repository\com\vladsch\flexmark\flexmark-ext-escaped-character\0.26.4\flexmark-ext-escaped-character-0.26.4.jar;C:\Users\rubem.koyanagui\.m2\repository\com\vladsch\flexmark\flexmark-ext-footnotes\0.26.4\flexmark-ext-footnotes-0.26.4.jar;C:\Users\rubem.koyanagui\.m2\repository\com\vladsch\flexmark\flexmark-ext-gfm-issues\0.26.4\flexmark-ext-gfm-issues-0.26.4.jar;C:\Users\rubem.koyanagui\.m2\repository\com\vladsch\flexmark\flexmark-ext-gfm-strikethrough\0.26.4\flexmark-ext-gfm-strikethrough-0.26.4.jar;C:\Users\rubem.koyanagui\.m2\repository\com\vladsch\flexmark\flexmark-ext-gfm-tables\0.26.4\flexmark-ext-gfm-tables-0.26.4.jar;C:\Users\rubem.koyanagui\.m2\repository\com\vladsch\flexmark\flexmark-ext-gfm-tasklist\0.26.4\flexmark-ext-gfm-tasklist-0.26.4.jar;C:\Users\rubem.koyanagui\.m2\repository\com\vladsch\flexmark\flexmark-ext-gfm-users\0.26.4\flexmark-ext-gfm-users-0.26.4.jar;C:\Users\rubem.koyanagui\.m2\repository\com\vladsch\flexmark\flexmark-ext-jekyll-front-matter\0.26.4\flexmark-ext-jekyll-front-matter-0.26.4.jar;C:\Users\rubem.koyanagui\.m2\repository\com\vladsch\flexmark\flexmark-ext-jekyll-tag\0.26.4\flexmark-ext-jekyll-tag-0.26.4.jar;C:\Users\rubem.koyanagui\.m2\repository\com\vladsch\flexmark\flexmark-ext-ins\0.26.4\flexmark-ext-ins-0.26.4.jar;C:\Users\rubem.koyanagui\.m2\repository\com\vladsch\flexmark\flexmark-ext-xwiki-macros\0.26.4\flexmark-ext-xwiki-macros-0.26.4.jar;C:\Users\rubem.koyanagui\.m2\repository\com\vladsch\flexmark\flexmark-ext-superscript\0.26.4\flexmark-ext-superscript-0.26.4.jar;C:\Users\rubem.koyanagui\.m2\repository\com\vladsch\flexmark\flexmark-ext-tables\0.26.4\flexmark-ext-tables-0.26.4.jar;C:\Users\rubem.koyanagui\.m2\repository\com\vladsch\flexmark\flexmark-ext-toc\0.26.4\flexmark-ext-toc-0.26.4.jar;C:\Users\rubem.koyanagui\.m2\repository\com\vladsch\flexmark\flexmark-ext-typographic\0.26.4\flexmark-ext-typographic-0.26.4.jar;C:\Users\rubem.koyanagui\.m2\repository\com\vladsch\flexmark\flexmark-ext-wikilink\0.26.4\flexmark-ext-wikilink-0.26.4.jar;C:\Users\rubem.koyanagui\.m2\repository\com\vladsch\flexmark\flexmark-ext-yaml-front-matter\0.26.4\flexmark-ext-yaml-front-matter-0.26.4.jar;C:\Users\rubem.koyanagui\.m2\repository\com\vladsch\flexmark\flexmark-formatter\0.26.4\flexmark-formatter-0.26.4.jar;C:\Users\rubem.koyanagui\.m2\repository\com\vladsch\flexmark\flexmark-html-parser\0.26.4\flexmark-html-parser-0.26.4.jar;C:\Users\rubem.koyanagui\.m2\repository\com\vladsch\flexmark\flexmark-jira-converter\0.26.4\flexmark-jira-converter-0.26.4.jar;C:\Users\rubem.koyanagui\.m2\repository\com\vladsch\flexmark\flexmark-pdf-converter\0.26.4\flexmark-pdf-converter-0.26.4.jar;C:\Users\rubem.koyanagui\.m2\repository\com\openhtmltopdf\openhtmltopdf-core\0.0.1-RC9\openhtmltopdf-core-0.0.1-RC9.jar;C:\Users\rubem.koyanagui\.m2\repository\com\openhtmltopdf\openhtmltopdf-pdfbox\0.0.1-RC9\openhtmltopdf-pdfbox-0.0.1-RC9.jar;C:\Users\rubem.koyanagui\.m2\repository\org\apache\pdfbox\pdfbox\2.0.4\pdfbox-2.0.4.jar;C:\Users\rubem.koyanagui\.m2\repository\org\apache\pdfbox\fontbox\2.0.4\fontbox-2.0.4.jar;C:\Users\rubem.koyanagui\.m2\repository\com\openhtmltopdf\openhtmltopdf-rtl-support\0.0.1-RC9\openhtmltopdf-rtl-support-0.0.1-RC9.jar;C:\Users\rubem.koyanagui\.m2\repository\com\ibm\icu\icu4j\58.1\icu4j-58.1.jar;C:\Users\rubem.koyanagui\.m2\repository\com\openhtmltopdf\openhtmltopdf-jsoup-dom-converter\0.0.1-RC9\openhtmltopdf-jsoup-dom-converter-0.0.1-RC9.jar;C:\Users\rubem.koyanagui\.m2\repository\com\vladsch\flexmark\flexmark-profile-pegdown\0.26.4\flexmark-profile-pegdown-0.26.4.jar;C:\Users\rubem.koyanagui\.m2\repository\com\vladsch\flexmark\flexmark-util\0.26.4\flexmark-util-0.26.4.jar;C:\Users\rubem.koyanagui\.m2\repository\com\vladsch\flexmark\flexmark-youtrack-converter\0.26.4\flexmark-youtrack-converter-0.26.4.jar;C:\Users\rubem.koyanagui\.m2\repository\net\serenity-bdd\serenity-junit\1.9.3\serenity-junit-1.9.3.jar;C:\Users\rubem.koyanagui\.m2\repository\org\springframework\spring-context-support\4.2.2.RELEASE\spring-context-support-4.2.2.RELEASE.jar;C:\Users\rubem.koyanagui\.m2\repository\org\seleniumhq\selenium\selenium-server\3.9.1\selenium-server-3.9.1.jar;C:\Users\rubem.koyanagui\.m2\repository\org\seleniumhq\selenium\selenium-java\3.9.1\selenium-java-3.9.1.jar;C:\Users\rubem.koyanagui\.m2\repository\org\seleniumhq\selenium\selenium-api\3.9.1\selenium-api-3.9.1.jar;C:\Users\rubem.koyanagui\.m2\repository\org\seleniumhq\selenium\selenium-chrome-driver\3.9.1\selenium-chrome-driver-3.9.1.jar;C:\Users\rubem.koyanagui\.m2\repository\org\seleniumhq\selenium\selenium-edge-driver\3.9.1\selenium-edge-driver-3.9.1.jar;C:\Users\rubem.koyanagui\.m2\repository\org\seleniumhq\selenium\selenium-firefox-driver\3.9.1\selenium-firefox-driver-3.9.1.jar;C:\Users\rubem.koyanagui\.m2\repository\org\seleniumhq\selenium\selenium-ie-driver\3.9.1\selenium-ie-driver-3.9.1.jar;C:\Users\rubem.koyanagui\.m2\repository\org\seleniumhq\selenium\selenium-opera-driver\3.9.1\selenium-opera-driver-3.9.1.jar;C:\Users\rubem.koyanagui\.m2\repository\org\seleniumhq\selenium\selenium-remote-driver\3.9.1\selenium-remote-driver-3.9.1.jar;C:\Users\rubem.koyanagui\.m2\repository\org\seleniumhq\selenium\selenium-safari-driver\3.9.1\selenium-safari-driver-3.9.1.jar;C:\Users\rubem.koyanagui\.m2\repository\org\seleniumhq\selenium\selenium-support\3.9.1\selenium-support-3.9.1.jar;C:\Users\rubem.koyanagui\.m2\repository\com\beust\jcommander\1.72\jcommander-1.72.jar;C:\Users\rubem.koyanagui\.m2\repository\org\apache\commons\commons-exec\1.3\commons-exec-1.3.jar;C:\Users\rubem.koyanagui\.m2\repository\org\apache\commons\commons-lang3\3.7\commons-lang3-3.7.jar;C:\Users\rubem.koyanagui\.m2\repository\org\apache\commons\commons-text\1.1\commons-text-1.1.jar;C:\Users\rubem.koyanagui\.m2\repository\commons-io\commons-io\2.6\commons-io-2.6.jar;C:\Users\rubem.koyanagui\.m2\repository\commons-net\commons-net\3.6\commons-net-3.6.jar;C:\Users\rubem.koyanagui\.m2\repository\org\w3c\css\sac\1.3\sac-1.3.jar;C:\Users\rubem.koyanagui\.m2\repository\net\sourceforge\cssparser\cssparser\0.9.24\cssparser-0.9.24.jar;C:\Users\rubem.koyanagui\.m2\repository\com\google\code\gson\gson\2.8.0\gson-2.8.0.jar;C:\Users\rubem.koyanagui\.m2\repository\net\sourceforge\htmlunit\htmlunit\2.21\htmlunit-2.21.jar;C:\Users\rubem.koyanagui\.m2\repository\net\sourceforge\htmlunit\htmlunit-core-js\2.28\htmlunit-core-js-2.28.jar;C:\Users\rubem.koyanagui\.m2\repository\net\sourceforge\htmlunit\neko-htmlunit\2.28\neko-htmlunit-2.28.jar;C:\Users\rubem.koyanagui\.m2\repository\org\apache\httpcomponents\httpclient\4.5.2\httpclient-4.5.2.jar;C:\Users\rubem.koyanagui\.m2\repository\org\apache\httpcomponents\httpcore\4.4.6\httpcore-4.4.6.jar;C:\Users\rubem.koyanagui\.m2\repository\org\apache\httpcomponents\httpmime\4.5.2\httpmime-4.5.2.jar;C:\Users\rubem.koyanagui\.m2\repository\net\jcip\jcip-annotations\1.0\jcip-annotations-1.0.jar;C:\Users\rubem.koyanagui\.m2\repository\org\seleniumhq\selenium\jetty-repacked\9.4.7.v20171121\jetty-repacked-9.4.7.v20171121.jar;C:\Users\rubem.koyanagui\.m2\repository\org\eclipse\jetty\jetty-client\9.4.1.v20170120\jetty-client-9.4.1.v20170120.jar;C:\Users\rubem.koyanagui\.m2\repository\org\eclipse\jetty\jetty-http\9.4.1.v20170120\jetty-http-9.4.1.v20170120.jar;C:\Users\rubem.koyanagui\.m2\repository\org\eclipse\jetty\jetty-io\9.4.1.v20170120\jetty-io-9.4.1.v20170120.jar;C:\Users\rubem.koyanagui\.m2\repository\org\eclipse\jetty\jetty-util\9.4.1.v20170120\jetty-util-9.4.1.v20170120.jar;C:\Users\rubem.koyanagui\.m2\repository\org\eclipse\jetty\jetty-xml\9.4.1.v20170120\jetty-xml-9.4.1.v20170120.jar;C:\Users\rubem.koyanagui\.m2\repository\com\squareup\okhttp3\okhttp\3.9.1\okhttp-3.9.1.jar;C:\Users\rubem.koyanagui\.m2\repository\com\squareup\okio\okio\1.13.0\okio-1.13.0.jar;C:\Users\rubem.koyanagui\.m2\repository\org\seleniumhq\selenium\htmlunit-driver\2.21\htmlunit-driver-2.21.jar;C:\Users\rubem.koyanagui\.m2\repository\javax\servlet\javax.servlet-api\3.1.0\javax.servlet-api-3.1.0.jar;C:\Users\rubem.koyanagui\.m2\repository\org\eclipse\jetty\websocket\websocket-api\9.4.7.v20170914\websocket-api-9.4.7.v20170914.jar;C:\Users\rubem.koyanagui\.m2\repository\org\eclipse\jetty\websocket\websocket-client\9.4.1.v20170120\websocket-client-9.4.1.v20170120.jar;C:\Users\rubem.koyanagui\.m2\repository\org\eclipse\jetty\websocket\websocket-common\9.4.7.v20170914\websocket-common-9.4.7.v20170914.jar;C:\Users\rubem.koyanagui\.m2\repository\xalan\serializer\2.7.2\serializer-2.7.2.jar;C:\Users\rubem.koyanagui\.m2\repository\xalan\xalan\2.7.2\xalan-2.7.2.jar;C:\Users\rubem.koyanagui\.m2\repository\xerces\xercesImpl\2.11.0\xercesImpl-2.11.0.jar;C:\Users\rubem.koyanagui\.m2\repository\org\hamcrest\hamcrest-all\1.3\hamcrest-all-1.3.jar;C:\Users\rubem.koyanagui\.m2\repository\net\serenity-bdd\serenity-cucumber\1.9.3\serenity-cucumber-1.9.3.jar;C:\Users\rubem.koyanagui\.m2\repository\net\serenity-bdd\serenity-screenplay\1.9.1\serenity-screenplay-1.9.1.jar;C:\Users\rubem.koyanagui\.m2\repository\net\serenity-bdd\serenity-screenplay-webdriver\1.9.1\serenity-screenplay-webdriver-1.9.1.jar;C:\Users\rubem.koyanagui\.m2\repository\io\cucumber\cucumber-java\2.3.1\cucumber-java-2.3.1.jar;C:\Users\rubem.koyanagui\.m2\repository\io\cucumber\cucumber-junit\2.3.1\cucumber-junit-2.3.1.jar;C:\Users\rubem.koyanagui\.m2\repository\net\serenity-bdd\serenity-report-resources\1.9.0-rc.3\serenity-report-resources-1.9.0-rc.3.jar;C:\Users\rubem.koyanagui\.m2\repository\org\springframework\spring-context\4.2.2.RELEASE\spring-context-4.2.2.RELEASE.jar;C:\Users\rubem.koyanagui\.m2\repository\com\fasterxml\jackson\core\jackson-databind\2.8.6\jackson-databind-2.8.6.jar;C:\Users\rubem.koyanagui\.m2\repository\com\fasterxml\jackson\core\jackson-annotations\2.8.0\jackson-annotations-2.8.0.jar;C:\Users\rubem.koyanagui\.m2\repository\com\fasterxml\jackson\core\jackson-core\2.8.6\jackson-core-2.8.6.jar;C:\Users\rubem.koyanagui\.m2\repository\org\assertj\assertj-core\2.6.0\assertj-core-2.6.0.jar;"/>
    <property name="sun.cpu.endian" value="little"/>
    <property name="user.home" value="C:\Users\rubem.koyanagui"/>
    <property name="user.language" value="pt"/>
    <property name="java.specification.vendor" value="Oracle Corporation"/>
    <property name="java.home" value="C:\Program Files (x86)\Java\jdk1.8.0_172\jre"/>
    <property name="basedir" value="C:\Users\rubem.koyanagui\Desktop\Workspace\Correios"/>
    <property name="file.separator" value="\"/>
    <property name="line.separator" value="&#10;"/>
    <property name="java.vm.specification.vendor" value="Oracle Corporation"/>
    <property name="java.specification.name" value="Java Platform API Specification"/>
    <property name="java.awt.graphicsenv" value="sun.awt.Win32GraphicsEnvironment"/>
    <property name="surefire.real.class.path" value="C:\Users\RUBEM~1.KOY\AppData\Local\Temp\surefire781757732772052299\surefirebooter4781299917005714181.jar"/>
    <property name="sun.boot.class.path" value="C:\Program Files (x86)\Java\jdk1.8.0_172\jre\lib\resources.jar;C:\Program Files (x86)\Java\jdk1.8.0_172\jre\lib\rt.jar;C:\Program Files (x86)\Java\jdk1.8.0_172\jre\lib\sunrsasign.jar;C:\Program Files (x86)\Java\jdk1.8.0_172\jre\lib\jsse.jar;C:\Program Files (x86)\Java\jdk1.8.0_172\jre\lib\jce.jar;C:\Program Files (x86)\Java\jdk1.8.0_172\jre\lib\charsets.jar;C:\Program Files (x86)\Java\jdk1.8.0_172\jre\lib\jfr.jar;C:\Program Files (x86)\Java\jdk1.8.0_172\jre\classes"/>
    <property name="user.script" value=""/>
    <property name="java.protocol.handler.pkgs" value="com.google.common"/>
    <property name="sun.management.compiler" value="HotSpot Client Compiler"/>
    <property name="java.runtime.version" value="1.8.0_172-b11"/>
    <property name="user.name" value="rubem.koyanagui"/>
    <property name="path.separator" value=";"/>
    <property name="os.version" value="6.1"/>
    <property name="java.endorsed.dirs" value="C:\Program Files (x86)\Java\jdk1.8.0_172\jre\lib\endorsed"/>
    <property name="java.runtime.name" value="Java(TM) SE Runtime Environment"/>
    <property name="file.encoding" value="Cp1252"/>
    <property name="java.vm.name" value="Java HotSpot(TM) Client VM"/>
    <property name="localRepository" value="C:\Users\rubem.koyanagui\.m2\repository"/>
    <property name="java.vendor.url.bug" value="http://bugreport.sun.com/bugreport/"/>
    <property name="java.io.tmpdir" value="C:\Users\RUBEM~1.KOY\AppData\Local\Temp\"/>
    <property name="java.version" value="1.8.0_172"/>
    <property name="user.dir" value="C:\Users\rubem.koyanagui\Desktop\Workspace\Correios"/>
    <property name="os.arch" value="x86"/>
    <property name="java.vm.specification.name" value="Java Virtual Machine Specification"/>
    <property name="java.awt.printerjob" value="sun.awt.windows.WPrinterJob"/>
    <property name="sun.os.patch.level" value="Service Pack 1"/>
    <property name="java.library.path" value="C:\Program Files (x86)\Java\jdk1.8.0_172\jre\bin;C:\Windows\Sun\Java\bin;C:\Windows\system32;C:\Windows;C:\Users\rubem.koyanagui\bin;C:\Program Files\Git\mingw32\bin;C:\Program Files\Git\usr\local\bin;C:\Program Files\Git\usr\bin;C:\Program Files\Git\usr\bin;C:\Program Files\Git\mingw32\bin;C:\Program Files\Git\usr\bin;C:\Users\rubem.koyanagui\bin;C:\ProgramData\Oracle\Java\javapath;C:\Windows\system32;C:\Windows;C:\Windows\System32\Wbem;C:\Windows\System32\WindowsPowerShell\v1.0;C:\Program Files\HP\Unified Functional Testing\bin;C:\Program Files (x86)\Java\jdk1.8.0_172\bin;C:\Program Files (x86)\Java\jdk1.8.0_172\lib;C:\Program Files\apache-maven-3.5.3\bin;C:\Program Files\android-sdk\platform-tools;C:\Program Files\android-sdk\tools\bin;C:\Program Files\Git\usr\bin\vendor_perl;C:\Program Files\Git\usr\bin\core_perl;."/>
    <property name="java.vm.info" value="mixed mode"/>
    <property name="java.vendor" value="Oracle Corporation"/>
    <property name="java.vm.version" value="25.172-b11"/>
    <property name="java.ext.dirs" value="C:\Program Files (x86)\Java\jdk1.8.0_172\jre\lib\ext;C:\Windows\Sun\Java\lib\ext"/>
    <property name="sun.io.unicode.encoding" value="UnicodeLittle"/>
    <property name="java.class.version" value="52.0"/>
  </properties>
  <testcase name="test" classname="br.com.rsinet.rkoyanagui.correios.runner.RunnerTest" time="43.501"/>
</testsuite>